{"C:\\Users\\Administrator\\Documents\\GitHub\\mocha-sinon\\controllers\\authController.js":{"path":"C:\\Users\\Administrator\\Documents\\GitHub\\mocha-sinon\\controllers\\authController.js","s":{"1":1,"2":7,"3":7,"4":1,"5":9,"6":1,"7":9,"8":1,"9":5,"10":1,"11":2,"12":2,"13":0,"14":1,"15":2,"16":2,"17":2,"18":1,"19":3,"20":3,"21":2,"22":0,"23":1,"24":7,"25":1},"b":{"1":[1,8],"2":[2,0],"3":[2,0]},"f":{"1":7,"2":9,"3":5,"4":2,"5":2,"6":3},"fnMap":{"1":{"name":"AuthController","line":1,"loc":{"start":{"line":1,"column":0},"end":{"line":1,"column":27}}},"2":{"name":"setRoles","line":5,"loc":{"start":{"line":5,"column":2},"end":{"line":5,"column":24}}},"3":{"name":"setUser","line":12,"loc":{"start":{"line":12,"column":2},"end":{"line":12,"column":23}}},"4":{"name":"isAuthorized","line":16,"loc":{"start":{"line":16,"column":2},"end":{"line":16,"column":37}}},"5":{"name":"isAuthorizedAsync","line":23,"loc":{"start":{"line":23,"column":2},"end":{"line":23,"column":42}}},"6":{"name":"getIndex","line":31,"loc":{"start":{"line":31,"column":2},"end":{"line":31,"column":31}}}},"statementMap":{"1":{"start":{"line":1,"column":0},"end":{"line":49,"column":1}},"2":{"start":{"line":2,"column":2},"end":{"line":2,"column":18}},"3":{"start":{"line":3,"column":2},"end":{"line":3,"column":17}},"4":{"start":{"line":5,"column":2},"end":{"line":10,"column":3}},"5":{"start":{"line":6,"column":4},"end":{"line":8,"column":5}},"6":{"start":{"line":7,"column":6},"end":{"line":7,"column":20}},"7":{"start":{"line":9,"column":4},"end":{"line":9,"column":13}},"8":{"start":{"line":12,"column":2},"end":{"line":14,"column":3}},"9":{"start":{"line":13,"column":4},"end":{"line":13,"column":12}},"10":{"start":{"line":16,"column":2},"end":{"line":21,"column":3}},"11":{"start":{"line":17,"column":4},"end":{"line":19,"column":5}},"12":{"start":{"line":18,"column":6},"end":{"line":18,"column":42}},"13":{"start":{"line":20,"column":4},"end":{"line":20,"column":41}},"14":{"start":{"line":23,"column":2},"end":{"line":29,"column":3}},"15":{"start":{"line":24,"column":4},"end":{"line":28,"column":6}},"16":{"start":{"line":25,"column":6},"end":{"line":27,"column":14}},"17":{"start":{"line":26,"column":8},"end":{"line":26,"column":47}},"18":{"start":{"line":31,"column":2},"end":{"line":40,"column":3}},"19":{"start":{"line":32,"column":4},"end":{"line":39,"column":5}},"20":{"start":{"line":33,"column":6},"end":{"line":35,"column":7}},"21":{"start":{"line":34,"column":8},"end":{"line":34,"column":34}},"22":{"start":{"line":36,"column":6},"end":{"line":36,"column":27}},"23":{"start":{"line":38,"column":6},"end":{"line":38,"column":25}},"24":{"start":{"line":42,"column":2},"end":{"line":48,"column":3}},"25":{"start":{"line":51,"column":0},"end":{"line":51,"column":31}}},"branchMap":{"1":{"line":6,"type":"if","locations":[{"start":{"line":6,"column":4},"end":{"line":6,"column":4}},{"start":{"line":6,"column":4},"end":{"line":6,"column":4}}]},"2":{"line":17,"type":"if","locations":[{"start":{"line":17,"column":4},"end":{"line":17,"column":4}},{"start":{"line":17,"column":4},"end":{"line":17,"column":4}}]},"3":{"line":33,"type":"if","locations":[{"start":{"line":33,"column":6},"end":{"line":33,"column":6}},{"start":{"line":33,"column":6},"end":{"line":33,"column":6}}]}}},"C:\\Users\\Administrator\\Documents\\GitHub\\mocha-sinon\\services\\gitService.js":{"path":"C:\\Users\\Administrator\\Documents\\GitHub\\mocha-sinon\\services\\gitService.js","s":{"1":1,"2":1,"3":2,"4":6,"5":6,"6":6,"7":6,"8":119,"9":6,"10":6,"11":6,"12":2,"13":6,"14":6,"15":6,"16":6,"17":6,"18":7,"19":6,"20":6,"21":6,"22":6,"23":6,"24":6,"25":0,"26":6,"27":2},"b":{},"f":{"1":2,"2":6,"3":6,"4":119,"5":6,"6":6,"7":6,"8":6,"9":7,"10":6,"11":6},"fnMap":{"1":{"name":"(anonymous_1)","line":3,"loc":{"start":{"line":3,"column":17},"end":{"line":3,"column":29}}},"2":{"name":"(anonymous_2)","line":4,"loc":{"start":{"line":4,"column":19},"end":{"line":4,"column":41}}},"3":{"name":"(anonymous_3)","line":11,"loc":{"start":{"line":11,"column":21},"end":{"line":11,"column":41}}},"4":{"name":"(anonymous_4)","line":14,"loc":{"start":{"line":14,"column":26},"end":{"line":14,"column":43}}},"5":{"name":"(anonymous_5)","line":18,"loc":{"start":{"line":18,"column":25},"end":{"line":18,"column":37}}},"6":{"name":"(anonymous_6)","line":25,"loc":{"start":{"line":25,"column":18},"end":{"line":25,"column":36}}},"7":{"name":"(anonymous_7)","line":26,"loc":{"start":{"line":26,"column":23},"end":{"line":26,"column":42}}},"8":{"name":"(anonymous_8)","line":33,"loc":{"start":{"line":33,"column":23},"end":{"line":33,"column":43}}},"9":{"name":"(anonymous_9)","line":36,"loc":{"start":{"line":36,"column":28},"end":{"line":36,"column":45}}},"10":{"name":"(anonymous_10)","line":40,"loc":{"start":{"line":40,"column":27},"end":{"line":40,"column":39}}},"11":{"name":"(anonymous_11)","line":42,"loc":{"start":{"line":42,"column":27},"end":{"line":42,"column":44}}}},"statementMap":{"1":{"start":{"line":1,"column":0},"end":{"line":1,"column":30}},"2":{"start":{"line":3,"column":0},"end":{"line":59,"column":1}},"3":{"start":{"line":4,"column":2},"end":{"line":24,"column":3}},"4":{"start":{"line":5,"column":4},"end":{"line":9,"column":5}},"5":{"start":{"line":11,"column":4},"end":{"line":21,"column":5}},"6":{"start":{"line":12,"column":6},"end":{"line":12,"column":18}},"7":{"start":{"line":14,"column":6},"end":{"line":16,"column":8}},"8":{"start":{"line":15,"column":8},"end":{"line":15,"column":20}},"9":{"start":{"line":18,"column":6},"end":{"line":20,"column":8}},"10":{"start":{"line":19,"column":8},"end":{"line":19,"column":27}},"11":{"start":{"line":23,"column":4},"end":{"line":23,"column":42}},"12":{"start":{"line":25,"column":2},"end":{"line":54,"column":3}},"13":{"start":{"line":26,"column":4},"end":{"line":53,"column":6}},"14":{"start":{"line":27,"column":6},"end":{"line":31,"column":7}},"15":{"start":{"line":33,"column":6},"end":{"line":50,"column":7}},"16":{"start":{"line":34,"column":8},"end":{"line":34,"column":20}},"17":{"start":{"line":36,"column":8},"end":{"line":38,"column":10}},"18":{"start":{"line":37,"column":10},"end":{"line":37,"column":22}},"19":{"start":{"line":40,"column":8},"end":{"line":46,"column":10}},"20":{"start":{"line":41,"column":10},"end":{"line":41,"column":38}},"21":{"start":{"line":42,"column":10},"end":{"line":45,"column":12}},"22":{"start":{"line":43,"column":12},"end":{"line":43,"column":30}},"23":{"start":{"line":44,"column":12},"end":{"line":44,"column":25}},"24":{"start":{"line":47,"column":8},"end":{"line":49,"column":10}},"25":{"start":{"line":48,"column":10},"end":{"line":48,"column":59}},"26":{"start":{"line":52,"column":6},"end":{"line":52,"column":44}},"27":{"start":{"line":56,"column":2},"end":{"line":58,"column":3}}},"branchMap":{}}}