TN:
SF:C:\Users\Administrator\Documents\GitHub\mocha-sinon\controllers\authController.js
FN:1,AuthController
FN:5,setRoles
FN:12,setUser
FN:16,isAuthorized
FN:23,isAuthorizedAsync
FN:31,getIndex
FNF:6
FNH:6
FNDA:7,AuthController
FNDA:9,setRoles
FNDA:5,setUser
FNDA:2,isAuthorized
FNDA:2,isAuthorizedAsync
FNDA:3,getIndex
DA:1,1
DA:2,7
DA:3,7
DA:5,1
DA:6,9
DA:7,1
DA:9,9
DA:12,1
DA:13,5
DA:16,1
DA:17,2
DA:18,2
DA:20,0
DA:23,1
DA:24,2
DA:25,2
DA:26,2
DA:31,1
DA:32,3
DA:33,3
DA:34,2
DA:36,0
DA:38,1
DA:42,7
DA:51,1
LF:25
LH:23
BRDA:6,1,0,1
BRDA:6,1,1,8
BRDA:17,2,0,2
BRDA:17,2,1,0
BRDA:33,3,0,2
BRDA:33,3,1,0
BRF:6
BRH:4
end_of_record
TN:
SF:C:\Users\Administrator\Documents\GitHub\mocha-sinon\services\gitService.js
FN:3,(anonymous_1)
FN:4,(anonymous_2)
FN:11,(anonymous_3)
FN:14,(anonymous_4)
FN:18,(anonymous_5)
FN:25,(anonymous_6)
FN:26,(anonymous_7)
FN:33,(anonymous_8)
FN:36,(anonymous_9)
FN:40,(anonymous_10)
FN:42,(anonymous_11)
FNF:11
FNH:11
FNDA:2,(anonymous_1)
FNDA:6,(anonymous_2)
FNDA:6,(anonymous_3)
FNDA:119,(anonymous_4)
FNDA:6,(anonymous_5)
FNDA:6,(anonymous_6)
FNDA:6,(anonymous_7)
FNDA:6,(anonymous_8)
FNDA:7,(anonymous_9)
FNDA:6,(anonymous_10)
FNDA:6,(anonymous_11)
DA:1,1
DA:3,1
DA:4,2
DA:5,6
DA:11,6
DA:12,6
DA:14,6
DA:15,119
DA:18,6
DA:19,6
DA:23,6
DA:25,2
DA:26,6
DA:27,6
DA:33,6
DA:34,6
DA:36,6
DA:37,7
DA:40,6
DA:41,6
DA:42,6
DA:43,6
DA:44,6
DA:47,6
DA:48,0
DA:52,6
DA:56,2
LF:27
LH:26
BRF:0
BRH:0
end_of_record
